0 info it worked if it ends with ok
1 verbose cli [ '/usr/bin/node',
1 verbose cli   '/usr/bin/npm',
1 verbose cli   'install',
1 verbose cli   'jasmine-node',
1 verbose cli   '-g' ]
2 info using npm@1.4.28
3 info using node@v0.10.36
4 verbose node symlink /usr/bin/node
5 verbose cache add [ 'jasmine-node', null ]
6 verbose cache add name=undefined spec="jasmine-node" args=["jasmine-node",null]
7 verbose parsed url { protocol: null,
7 verbose parsed url   slashes: null,
7 verbose parsed url   auth: null,
7 verbose parsed url   host: null,
7 verbose parsed url   port: null,
7 verbose parsed url   hostname: null,
7 verbose parsed url   hash: null,
7 verbose parsed url   search: null,
7 verbose parsed url   query: null,
7 verbose parsed url   pathname: 'jasmine-node',
7 verbose parsed url   path: 'jasmine-node',
7 verbose parsed url   href: 'jasmine-node' }
8 silly lockFile bba04ce4-jasmine-node jasmine-node
9 verbose lock jasmine-node /home/vagrant/.npm/bba04ce4-jasmine-node.lock
10 silly lockFile bba04ce4-jasmine-node jasmine-node
11 silly lockFile bba04ce4-jasmine-node jasmine-node
12 verbose addNamed [ 'jasmine-node', '' ]
13 verbose addNamed [ null, '*' ]
14 silly lockFile b74de4f8-jasmine-node jasmine-node@
15 verbose lock jasmine-node@ /home/vagrant/.npm/b74de4f8-jasmine-node.lock
16 silly addNameRange { name: 'jasmine-node', range: '*', hasData: false }
17 verbose request where is /jasmine-node
18 verbose request registry https://registry.npmjs.org/
19 verbose request id 3dd37023c24feee1
20 verbose url raw /jasmine-node
21 verbose url resolving [ 'https://registry.npmjs.org/', './jasmine-node' ]
22 verbose url resolved https://registry.npmjs.org/jasmine-node
23 verbose request where is https://registry.npmjs.org/jasmine-node
24 info trying registry request attempt 1 at 22:53:42
25 verbose etag "7D3X5WQR6HDSIOLYTDVXWU125"
26 http GET https://registry.npmjs.org/jasmine-node
27 http 304 https://registry.npmjs.org/jasmine-node
28 silly registry.get cb [ 304,
28 silly registry.get   { date: 'Wed, 04 Feb 2015 22:54:41 GMT',
28 silly registry.get     server: 'Apache',
28 silly registry.get     via: '1.1 varnish',
28 silly registry.get     'last-modified': 'Wed, 04 Feb 2015 22:54:41 GMT',
28 silly registry.get     'cache-control': 'max-age=60',
28 silly registry.get     etag: '"7D3X5WQR6HDSIOLYTDVXWU125"',
28 silly registry.get     age: '0',
28 silly registry.get     'x-served-by': 'cache-atl6221-ATL',
28 silly registry.get     'x-cache': 'HIT',
28 silly registry.get     'x-cache-hits': '1',
28 silly registry.get     'x-timer': 'S1423090481.057615,VS0,VE108',
28 silly registry.get     vary: 'Accept',
28 silly registry.get     'content-length': '0',
28 silly registry.get     'keep-alive': 'timeout=10, max=50',
28 silly registry.get     connection: 'Keep-Alive' } ]
29 verbose etag https://registry.npmjs.org/jasmine-node from cache
30 silly addNameRange number 2 { name: 'jasmine-node', range: '*', hasData: true }
31 silly addNameRange versions [ 'jasmine-node',
31 silly addNameRange   [ '1.0.1',
31 silly addNameRange     '1.0.2',
31 silly addNameRange     '1.0.3',
31 silly addNameRange     '1.0.4',
31 silly addNameRange     '1.0.5',
31 silly addNameRange     '1.0.6',
31 silly addNameRange     '1.0.7',
31 silly addNameRange     '1.0.8',
31 silly addNameRange     '1.0.9',
31 silly addNameRange     '1.0.10',
31 silly addNameRange     '1.0.11',
31 silly addNameRange     '1.0.12',
31 silly addNameRange     '1.0.13',
31 silly addNameRange     '1.0.15',
31 silly addNameRange     '1.0.16',
31 silly addNameRange     '1.0.17',
31 silly addNameRange     '1.0.18',
31 silly addNameRange     '1.0.19',
31 silly addNameRange     '1.0.20',
31 silly addNameRange     '1.0.21',
31 silly addNameRange     '1.0.22',
31 silly addNameRange     '1.0.23',
31 silly addNameRange     '1.0.24',
31 silly addNameRange     '1.0.25',
31 silly addNameRange     '1.0.26',
31 silly addNameRange     '1.0.27',
31 silly addNameRange     '1.0.28',
31 silly addNameRange     '1.1.0',
31 silly addNameRange     '1.2.0',
31 silly addNameRange     '1.2.1',
31 silly addNameRange     '1.2.2',
31 silly addNameRange     '1.2.3',
31 silly addNameRange     '1.3.0',
31 silly addNameRange     '1.3.1',
31 silly addNameRange     '1.4.0',
31 silly addNameRange     '1.5.0',
31 silly addNameRange     '1.6.0',
31 silly addNameRange     '1.7.0',
31 silly addNameRange     '1.7.1',
31 silly addNameRange     '1.8.0',
31 silly addNameRange     '1.8.1',
31 silly addNameRange     '1.9.0',
31 silly addNameRange     '1.9.1',
31 silly addNameRange     '1.10.0',
31 silly addNameRange     '1.10.1',
31 silly addNameRange     '1.10.2',
31 silly addNameRange     '1.11.0',
31 silly addNameRange     '1.12.0',
31 silly addNameRange     '1.12.1',
31 silly addNameRange     '1.13.0',
31 silly addNameRange     '1.13.1',
31 silly addNameRange     '1.14.0',
31 silly addNameRange     '1.14.1',
31 silly addNameRange     '2.0.0',
31 silly addNameRange     '1.14.2',
31 silly addNameRange     '2.0.0-beta1',
31 silly addNameRange     '2.0.0-beta2',
31 silly addNameRange     '2.0.0-beta3',
31 silly addNameRange     '1.14.3',
31 silly addNameRange     '2.0.0-beta4',
31 silly addNameRange     '1.14.4',
31 silly addNameRange     '1.14.5',
31 silly addNameRange     '1.0.0-rc1',
31 silly addNameRange     '1.0.0-rc2',
31 silly addNameRange     '1.0.0-rc3' ] ]
32 verbose addNamed [ 'jasmine-node', '1.14.5' ]
33 verbose addNamed [ '1.14.5', '1.14.5' ]
34 silly lockFile 3c9ba918-jasmine-node-1-14-5 jasmine-node@1.14.5
35 verbose lock jasmine-node@1.14.5 /home/vagrant/.npm/3c9ba918-jasmine-node-1-14-5.lock
36 silly lockFile 3c9ba918-jasmine-node-1-14-5 jasmine-node@1.14.5
37 silly lockFile 3c9ba918-jasmine-node-1-14-5 jasmine-node@1.14.5
38 silly lockFile b74de4f8-jasmine-node jasmine-node@
39 silly lockFile b74de4f8-jasmine-node jasmine-node@
40 silly resolved [ { name: 'jasmine-node',
40 silly resolved     version: '1.14.5',
40 silly resolved     description: 'DOM-less simple JavaScript BDD testing framework for Node',
40 silly resolved     contributors: [ [Object] ],
40 silly resolved     homepage: 'https://github.com/mhevery/jasmine-node',
40 silly resolved     repository:
40 silly resolved      { type: 'git',
40 silly resolved        url: 'https://github.com/mhevery/jasmine-node.git' },
40 silly resolved     keywords: [ 'testing', 'bdd' ],
40 silly resolved     author: { name: 'Misko Hevery', email: 'misko@hevery.com' },
40 silly resolved     maintainers: [ [Object], [Object] ],
40 silly resolved     licenses: [ 'MIT' ],
40 silly resolved     dependencies:
40 silly resolved      { 'coffee-script': '>=1.0.1',
40 silly resolved        'jasmine-reporters': '~1.0.0',
40 silly resolved        'jasmine-growl-reporter': '~0.0.2',
40 silly resolved        requirejs: '>=0.27.1',
40 silly resolved        walkdir: '>= 0.0.1',
40 silly resolved        underscore: '>= 1.3.1',
40 silly resolved        gaze: '~0.3.2',
40 silly resolved        mkdirp: '~0.3.5' },
40 silly resolved     bin: { 'jasmine-node': 'bin/jasmine-node' },
40 silly resolved     preferGlobal: true,
40 silly resolved     main: 'lib/jasmine-node',
40 silly resolved     scripts: { test: 'node lib/jasmine-node/cli.js spec' },
40 silly resolved     devDependencies: {},
40 silly resolved     bugs: { url: 'https://github.com/mhevery/jasmine-node/issues' },
40 silly resolved     _id: 'jasmine-node@1.14.5',
40 silly resolved     _shasum: '18e8397b856924ee77003666c3731b5aea50c39d',
40 silly resolved     _from: 'jasmine-node@',
40 silly resolved     _npmVersion: '1.4.9',
40 silly resolved     _npmUser: { name: 'tebriel', email: 'tebriel@gmail.com' },
40 silly resolved     dist:
40 silly resolved      { shasum: '18e8397b856924ee77003666c3731b5aea50c39d',
40 silly resolved        tarball: 'http://registry.npmjs.org/jasmine-node/-/jasmine-node-1.14.5.tgz' },
40 silly resolved     directories: {},
40 silly resolved     _resolved: 'https://registry.npmjs.org/jasmine-node/-/jasmine-node-1.14.5.tgz',
40 silly resolved     readme: 'ERROR: No README data found!' } ]
41 info install jasmine-node@1.14.5 into /usr/lib
42 info installOne jasmine-node@1.14.5
43 verbose lib/node_modules/jasmine-node unbuild
44 verbose tar unpack /home/vagrant/.npm/jasmine-node/1.14.5/package.tgz
45 silly lockFile e73c4fe1-sr-lib-node-modules-jasmine-node tar:///usr/lib/node_modules/jasmine-node
46 verbose lock tar:///usr/lib/node_modules/jasmine-node /home/vagrant/.npm/e73c4fe1-sr-lib-node-modules-jasmine-node.lock
47 silly lockFile 23aa8540--jasmine-node-1-14-5-package-tgz tar:///home/vagrant/.npm/jasmine-node/1.14.5/package.tgz
48 verbose lock tar:///home/vagrant/.npm/jasmine-node/1.14.5/package.tgz /home/vagrant/.npm/23aa8540--jasmine-node-1-14-5-package-tgz.lock
49 silly gunzTarPerm modes [ '775', '664' ]
50 error Error: EACCES, mkdir '/usr/lib/node_modules/jasmine-node'
50 error  { [Error: EACCES, mkdir '/usr/lib/node_modules/jasmine-node']
50 error   errno: 3,
50 error   code: 'EACCES',
50 error   path: '/usr/lib/node_modules/jasmine-node',
50 error   fstream_type: 'Directory',
50 error   fstream_path: '/usr/lib/node_modules/jasmine-node',
50 error   fstream_class: 'DirWriter',
50 error   fstream_stack:
50 error    [ '/usr/lib/node_modules/npm/node_modules/fstream/lib/dir-writer.js:36:23',
50 error      '/usr/lib/node_modules/npm/node_modules/mkdirp/index.js:46:53',
50 error      'Object.oncomplete (fs.js:108:15)' ] }
51 error Please try running this command again as root/Administrator.
52 error System Linux 3.13.0-45-generic
53 error command "/usr/bin/node" "/usr/bin/npm" "install" "jasmine-node" "-g"
54 error cwd /vagrant/project/website
55 error node -v v0.10.36
56 error npm -v 1.4.28
57 error path /usr/lib/node_modules/jasmine-node
58 error fstream_path /usr/lib/node_modules/jasmine-node
59 error fstream_type Directory
60 error fstream_class DirWriter
61 error code EACCES
62 error errno 3
63 error stack Error: EACCES, mkdir '/usr/lib/node_modules/jasmine-node'
64 error fstream_stack /usr/lib/node_modules/npm/node_modules/fstream/lib/dir-writer.js:36:23
64 error fstream_stack /usr/lib/node_modules/npm/node_modules/mkdirp/index.js:46:53
64 error fstream_stack Object.oncomplete (fs.js:108:15)
65 verbose exit [ 3, true ]
